# JRE version: Java(TM) SE Runtime Environment (13.0+33) (build 13+33)
# Java VM: Java HotSpot(TM) 64-Bit Server VM (13+33, mixed mode, sharing, tiered, compressed oops, g1 gc, bsd-amd64)
Heap:
 garbage-first heap   total 34816K, used 10283K [0x0000000780000000, 0x0000000800000000)
  region size 1024K, 7 young (7168K), 3 survivors (3072K)
 Metaspace       used 21654K, capacity 22314K, committed 22400K, reserved 1069056K
  class space    used 2620K, capacity 2918K, committed 2944K, reserved 1048576K
GC Heap History (6 events):
Event: 1.943 GC heap before
{Heap before GC invocations=0 (full 0):
 garbage-first heap   total 133120K, used 15096K [0x0000000780000000, 0x0000000800000000)
  region size 1024K, 14 young (14336K), 0 survivors (0K)
 Metaspace       used 14234K, capacity 14651K, committed 15104K, reserved 1062912K
  class space    used 1719K, capacity 1934K, committed 2048K, reserved 1048576K
}
Event: 1.952 GC heap after
{Heap after GC invocations=1 (full 0):
 garbage-first heap   total 133120K, used 4628K [0x0000000780000000, 0x0000000800000000)
  region size 1024K, 2 young (2048K), 2 survivors (2048K)
 Metaspace       used 14234K, capacity 14651K, committed 15104K, reserved 1062912K
  class space    used 1719K, capacity 1934K, committed 2048K, reserved 1048576K
}
Event: 2.208 GC heap before
{Heap before GC invocations=1 (full 0):
 garbage-first heap   total 133120K, used 8724K [0x0000000780000000, 0x0000000800000000)
  region size 1024K, 6 young (6144K), 2 survivors (2048K)
 Metaspace       used 15471K, capacity 15924K, committed 16256K, reserved 1062912K
  class space    used 1865K, capacity 2062K, committed 2176K, reserved 1048576K
}
Event: 2.218 GC heap after
{Heap after GC invocations=2 (full 0):
 garbage-first heap   total 133120K, used 5253K [0x0000000780000000, 0x0000000800000000)
  region size 1024K, 1 young (1024K), 1 survivors (1024K)
 Metaspace       used 15471K, capacity 15924K, committed 16256K, reserved 1062912K
  class space    used 1865K, capacity 2062K, committed 2176K, reserved 1048576K
}
Event: 3.852 GC heap before
{Heap before GC invocations=2 (full 0):
 garbage-first heap   total 133120K, used 15493K [0x0000000780000000, 0x0000000800000000)
  region size 1024K, 12 young (12288K), 1 survivors (1024K)
 Metaspace       used 20522K, capacity 21184K, committed 21504K, reserved 1069056K
  class space    used 2487K, capacity 2731K, committed 2816K, reserved 1048576K
}
Event: 3.856 GC heap after
{Heap after GC invocations=3 (full 0):
 garbage-first heap   total 133120K, used 7211K [0x0000000780000000, 0x0000000800000000)
  region size 1024K, 3 young (3072K), 3 survivors (3072K)
 Metaspace       used 20522K, capacity 21184K, committed 21504K, reserved 1069056K
  class space    used 2487K, capacity 2731K, committed 2816K, reserved 1048576K
}

